<component name="libraryTable">
  <library name="junit-platform-console-standalone-1.11.4">
    <CLASSES>
      <root url="jar://$PROJECT_DIR$/dam1-abr/lib/junit-platform-console-standalone-1.11.3.jar!/" />
    </CLASSES>
    <JAVADOC />
    <SOURCES />
  </library>
</component>